<?xml version="1.0" encoding="UTF-8"?>
<!-- Generated by org.testng.reporters.JUnitXMLReporter -->
<testsuite ignored="0" hostname="LAPTOP-3FC1F8QA" failures="0" tests="3" name="Default test" time="3.287" errors="0" timestamp="2024-01-22T21:21:49 IST">
  <testcase classname="com.simplilearn.resttesting.GetRequestTest" name="getRequestTest" time="2.093"/>
  <testcase classname="com.simplilearn.resttesting.GetRequestTest" name="getRequestWithQueryParmsTest" time="0.237"/>
  <testcase classname="com.simplilearn.resttesting.GetRequestTest" name="getRequestWithUserIdTest" time="0.921"/>
</testsuite> <!-- Default test -->
