<?xml version="1.0" encoding="UTF-8"?>
<testng-results ignored="0" total="3" passed="3" failed="0" skipped="0">
  <reporter-output>
  </reporter-output>
  <suite started-at="2024-01-22T21:21:45 IST" name="Default suite" finished-at="2024-01-22T21:21:49 IST" duration-ms="3287">
    <groups>
    </groups>
    <test started-at="2024-01-22T21:21:45 IST" name="Default test" finished-at="2024-01-22T21:21:49 IST" duration-ms="3287">
      <class name="com.simplilearn.resttesting.GetRequestTest">
        <test-method signature="getRequestTest()[pri:0, instance:com.simplilearn.resttesting.GetRequestTest@6356695f]" started-at="2024-01-22T21:21:45 IST" name="getRequestTest" description="Test for executing GET request using rest assured" finished-at="2024-01-22T21:21:47 IST" duration-ms="2093" status="PASS">
          <reporter-output>
          </reporter-output>
        </test-method> <!-- getRequestTest -->
        <test-method signature="getRequestWithQueryParmsTest()[pri:0, instance:com.simplilearn.resttesting.GetRequestTest@6356695f]" started-at="2024-01-22T21:21:47 IST" name="getRequestWithQueryParmsTest" description="Test for executing GET request using query parms" finished-at="2024-01-22T21:21:48 IST" duration-ms="237" status="PASS">
          <reporter-output>
          </reporter-output>
        </test-method> <!-- getRequestWithQueryParmsTest -->
        <test-method signature="getRequestWithUserIdTest()[pri:0, instance:com.simplilearn.resttesting.GetRequestTest@6356695f]" started-at="2024-01-22T21:21:48 IST" name="getRequestWithUserIdTest" description="Test for executing GET /users request with userId" finished-at="2024-01-22T21:21:49 IST" duration-ms="921" status="PASS">
          <reporter-output>
          </reporter-output>
        </test-method> <!-- getRequestWithUserIdTest -->
      </class> <!-- com.simplilearn.resttesting.GetRequestTest -->
    </test> <!-- Default test -->
  </suite> <!-- Default suite -->
</testng-results>
